<?xml version="1.0" encoding="UTF-8"?>
<!-- Generated by org.testng.reporters.JUnitReportReporter -->
<testsuite hostname="DESKTOP-95B0UOS" failures="0" tests="1" name="com.banking.testCases.TC_LoginTest_001" time="2.362" errors="0" timestamp="2023-10-02T14:15:20 IST" skipped="0">
  <testcase classname="com.banking.testCases.TC_LoginTest_001" name="loginTest" time="2.362"/>
  <system-out/>
</testsuite> <!-- com.banking.testCases.TC_LoginTest_001 -->
